-------------------------------------------------------------------------------
Test set: scripts._01_AppleTest
-------------------------------------------------------------------------------
Tests run: 3, Failures: 1, Errors: 0, Skipped: 0, Time elapsed: 8.444 sec <<< FAILURE!
x(scripts._01_AppleTest)  Time elapsed: 0.002 sec  <<< FAILURE!
java.lang.AssertionError: Failure on purpose - bug ticket created KJKJ798798
	at org.testng.Assert.fail(Assert.java:97)
	at scripts._01_AppleTest.x(_01_AppleTest.java:55)

